TypeError: path must be absolute or specify root to res.sendFile
    at ServerResponse.sendFile (C:\Projects\Glutenous\app\node_modules\express\lib\response.js:410:11)
    at C:\Projects\Glutenous\app\server.js:16:9
    at Layer.handle [as handle_request] (C:\Projects\Glutenous\app\node_modules\express\lib\router\layer.js:95:5)
    at next (C:\Projects\Glutenous\app\node_modules\express\lib\router\route.js:137:13)
    at Route.dispatch (C:\Projects\Glutenous\app\node_modules\express\lib\router\route.js:112:3)
    at Layer.handle [as handle_request] (C:\Projects\Glutenous\app\node_modules\express\lib\router\layer.js:95:5)
    at C:\Projects\Glutenous\app\node_modules\express\lib\router\index.js:281:22
    at Function.process_params (C:\Projects\Glutenous\app\node_modules\express\lib\router\index.js:335:12)
    at next (C:\Projects\Glutenous\app\node_modules\express\lib\router\index.js:275:10)
    at SendStream.error (C:\Projects\Glutenous\app\node_modules\serve-static\index.js:121:7)
ReferenceError: path is not defined
    at C:\Projects\Glutenous\app\server.js:17:18
    at Layer.handle [as handle_request] (C:\Projects\Glutenous\app\node_modules\express\lib\router\layer.js:95:5)
    at next (C:\Projects\Glutenous\app\node_modules\express\lib\router\route.js:137:13)
    at Route.dispatch (C:\Projects\Glutenous\app\node_modules\express\lib\router\route.js:112:3)
    at Layer.handle [as handle_request] (C:\Projects\Glutenous\app\node_modules\express\lib\router\layer.js:95:5)
    at C:\Projects\Glutenous\app\node_modules\express\lib\router\index.js:281:22
    at Function.process_params (C:\Projects\Glutenous\app\node_modules\express\lib\router\index.js:335:12)
    at next (C:\Projects\Glutenous\app\node_modules\express\lib\router\index.js:275:10)
    at SendStream.error (C:\Projects\Glutenous\app\node_modules\serve-static\index.js:121:7)
    at SendStream.emit (events.js:182:13)
ReferenceError: path is not defined
    at C:\Projects\Glutenous\app\server.js:17:18
    at Layer.handle [as handle_request] (C:\Projects\Glutenous\app\node_modules\express\lib\router\layer.js:95:5)
    at next (C:\Projects\Glutenous\app\node_modules\express\lib\router\route.js:137:13)
    at Route.dispatch (C:\Projects\Glutenous\app\node_modules\express\lib\router\route.js:112:3)
    at Layer.handle [as handle_request] (C:\Projects\Glutenous\app\node_modules\express\lib\router\layer.js:95:5)
    at C:\Projects\Glutenous\app\node_modules\express\lib\router\index.js:281:22
    at Function.process_params (C:\Projects\Glutenous\app\node_modules\express\lib\router\index.js:335:12)
    at next (C:\Projects\Glutenous\app\node_modules\express\lib\router\index.js:275:10)
    at SendStream.error (C:\Projects\Glutenous\app\node_modules\serve-static\index.js:121:7)
    at SendStream.emit (events.js:182:13)
ReferenceError: path is not defined
    at C:\Projects\Glutenous\app\server.js:17:18
    at Layer.handle [as handle_request] (C:\Projects\Glutenous\app\node_modules\express\lib\router\layer.js:95:5)
    at next (C:\Projects\Glutenous\app\node_modules\express\lib\router\route.js:137:13)
    at Route.dispatch (C:\Projects\Glutenous\app\node_modules\express\lib\router\route.js:112:3)
    at Layer.handle [as handle_request] (C:\Projects\Glutenous\app\node_modules\express\lib\router\layer.js:95:5)
    at C:\Projects\Glutenous\app\node_modules\express\lib\router\index.js:281:22
    at Function.process_params (C:\Projects\Glutenous\app\node_modules\express\lib\router\index.js:335:12)
    at next (C:\Projects\Glutenous\app\node_modules\express\lib\router\index.js:275:10)
    at SendStream.error (C:\Projects\Glutenous\app\node_modules\serve-static\index.js:121:7)
    at SendStream.emit (events.js:182:13)
TypeError: path must be absolute or specify root to res.sendFile
    at ServerResponse.sendFile (C:\Projects\Glutenous\app\node_modules\express\lib\response.js:410:11)
    at C:\Projects\Glutenous\app\server.js:17:9
    at Layer.handle [as handle_request] (C:\Projects\Glutenous\app\node_modules\express\lib\router\layer.js:95:5)
    at next (C:\Projects\Glutenous\app\node_modules\express\lib\router\route.js:137:13)
    at Route.dispatch (C:\Projects\Glutenous\app\node_modules\express\lib\router\route.js:112:3)
    at Layer.handle [as handle_request] (C:\Projects\Glutenous\app\node_modules\express\lib\router\layer.js:95:5)
    at C:\Projects\Glutenous\app\node_modules\express\lib\router\index.js:281:22
    at Function.process_params (C:\Projects\Glutenous\app\node_modules\express\lib\router\index.js:335:12)
    at next (C:\Projects\Glutenous\app\node_modules\express\lib\router\index.js:275:10)
    at SendStream.error (C:\Projects\Glutenous\app\node_modules\serve-static\index.js:121:7)
TypeError: path must be absolute or specify root to res.sendFile
    at ServerResponse.sendFile (C:\Projects\Glutenous\app\node_modules\express\lib\response.js:410:11)
    at C:\Projects\Glutenous\app\server.js:17:9
    at Layer.handle [as handle_request] (C:\Projects\Glutenous\app\node_modules\express\lib\router\layer.js:95:5)
    at next (C:\Projects\Glutenous\app\node_modules\express\lib\router\route.js:137:13)
    at Route.dispatch (C:\Projects\Glutenous\app\node_modules\express\lib\router\route.js:112:3)
    at Layer.handle [as handle_request] (C:\Projects\Glutenous\app\node_modules\express\lib\router\layer.js:95:5)
    at C:\Projects\Glutenous\app\node_modules\express\lib\router\index.js:281:22
    at Function.process_params (C:\Projects\Glutenous\app\node_modules\express\lib\router\index.js:335:12)
    at next (C:\Projects\Glutenous\app\node_modules\express\lib\router\index.js:275:10)
    at SendStream.error (C:\Projects\Glutenous\app\node_modules\serve-static\index.js:121:7)
ForbiddenError: Forbidden
    at SendStream.error (C:\Projects\Glutenous\app\node_modules\send\index.js:282:31)
    at SendStream.pipe (C:\Projects\Glutenous\app\node_modules\send\index.js:547:12)
    at sendfile (C:\Projects\Glutenous\app\node_modules\express\lib\response.js:1057:8)
    at ServerResponse.sendFile (C:\Projects\Glutenous\app\node_modules\express\lib\response.js:418:3)
    at C:\Projects\Glutenous\app\server.js:16:9
    at Layer.handle [as handle_request] (C:\Projects\Glutenous\app\node_modules\express\lib\router\layer.js:95:5)
    at next (C:\Projects\Glutenous\app\node_modules\express\lib\router\route.js:137:13)
    at Route.dispatch (C:\Projects\Glutenous\app\node_modules\express\lib\router\route.js:112:3)
    at Layer.handle [as handle_request] (C:\Projects\Glutenous\app\node_modules\express\lib\router\layer.js:95:5)
    at C:\Projects\Glutenous\app\node_modules\express\lib\router\index.js:281:22
ForbiddenError: Forbidden
    at SendStream.error (C:\Projects\Glutenous\app\node_modules\send\index.js:282:31)
    at SendStream.pipe (C:\Projects\Glutenous\app\node_modules\send\index.js:547:12)
    at sendfile (C:\Projects\Glutenous\app\node_modules\express\lib\response.js:1057:8)
    at ServerResponse.sendFile (C:\Projects\Glutenous\app\node_modules\express\lib\response.js:418:3)
    at C:\Projects\Glutenous\app\server.js:16:9
    at Layer.handle [as handle_request] (C:\Projects\Glutenous\app\node_modules\express\lib\router\layer.js:95:5)
    at next (C:\Projects\Glutenous\app\node_modules\express\lib\router\route.js:137:13)
    at Route.dispatch (C:\Projects\Glutenous\app\node_modules\express\lib\router\route.js:112:3)
    at Layer.handle [as handle_request] (C:\Projects\Glutenous\app\node_modules\express\lib\router\layer.js:95:5)
    at C:\Projects\Glutenous\app\node_modules\express\lib\router\index.js:281:22
Error: ENOENT: no such file or directory, stat 'C:\Projects\Glutenous\app\src\index.html'
Error: ENOENT: no such file or directory, stat 'C:\Projects\Glutenous\app\app\index.html'
Error: ENOENT: no such file or directory, stat 'C:\Projects\Glutenous\app\app\index.html'
Error: ENOENT: no such file or directory, stat 'C:\Projects\Glutenous\app\app\index.html'
Error: ENOENT: no such file or directory, stat 'C:\Projects\Glutenous\app\app\index.html'
Error: ENOENT: no such file or directory, stat 'C:\Projects\Glutenous\app\app\index.html'
